<?xml version="1.0" encoding="UTF-8"?>
<testng-results skipped="0" failed="1" ignored="0" total="1" passed="0">
  <reporter-output>
  </reporter-output>
  <suite name="Default suite" duration-ms="258715" started-at="2018-02-13T11:28:17Z" finished-at="2018-02-13T11:32:36Z">
    <groups>
    </groups>
    <test name="Default test" duration-ms="258715" started-at="2018-02-13T11:28:17Z" finished-at="2018-02-13T11:32:36Z">
      <class name="com.world.aeromexico.Vacations">
        <test-method status="PASS" signature="BrowserSetup()[pri:0, instance:com.world.aeromexico.Vacations@27c20538]" name="BrowserSetup" is-config="true" duration-ms="178822" started-at="2018-02-13T16:58:17Z" finished-at="2018-02-13T17:01:16Z">
          <reporter-output>
          </reporter-output>
        </test-method> <!-- BrowserSetup -->
        <test-method status="FAIL" signature="Vacation()[pri:0, instance:com.world.aeromexico.Vacations@27c20538]" name="Vacation" duration-ms="73294" started-at="2018-02-13T17:01:16Z" finished-at="2018-02-13T17:02:30Z">
          <exception class="org.openqa.selenium.ElementNotInteractableException">
            <message>
              <![CDATA[Element <a class="ui-datepicker-next ui-corner-all"> could not be scrolled into view
Build info: version: 'unknown', revision: 'unknown', time: 'unknown'
System info: host: 'RAJESH-KUMAR4', ip: '172.32.24.57', os.name: 'Windows 7', os.arch: 'amd64', os.version: '6.1', java.version: '1.8.0_131'
Driver info: org.openqa.selenium.firefox.FirefoxDriver
Capabilities [{moz:profile=C:\Users\rajesh.kumar41\AppData\Local\Temp\rust_mozprofile.7dPjQSfDq6g3, rotatable=false, timeouts={implicit=0, pageLoad=300000, script=30000}, pageLoadStrategy=normal, moz:headless=false, platform=XP, moz:accessibilityChecks=false, acceptInsecureCerts=false, browserVersion=58.0.2, platformVersion=6.1, moz:processID=11696, browserName=firefox, javascriptEnabled=true, platformName=XP, moz:webdriverClick=true}]
Session ID: 3f91be33-1d4e-46d2-a70e-a753137cbcc2]]>
            </message>
            <full-stacktrace>
              <![CDATA[org.openqa.selenium.ElementNotInteractableException: Element <a class="ui-datepicker-next ui-corner-all"> could not be scrolled into view
Build info: version: 'unknown', revision: 'unknown', time: 'unknown'
System info: host: 'RAJESH-KUMAR4', ip: '172.32.24.57', os.name: 'Windows 7', os.arch: 'amd64', os.version: '6.1', java.version: '1.8.0_131'
Driver info: org.openqa.selenium.firefox.FirefoxDriver
Capabilities [{moz:profile=C:\Users\rajesh.kumar41\AppData\Local\Temp\rust_mozprofile.7dPjQSfDq6g3, rotatable=false, timeouts={implicit=0, pageLoad=300000, script=30000}, pageLoadStrategy=normal, moz:headless=false, platform=XP, moz:accessibilityChecks=false, acceptInsecureCerts=false, browserVersion=58.0.2, platformVersion=6.1, moz:processID=11696, browserName=firefox, javascriptEnabled=true, platformName=XP, moz:webdriverClick=true}]
Session ID: 3f91be33-1d4e-46d2-a70e-a753137cbcc2
	at sun.reflect.NativeConstructorAccessorImpl.newInstance0(Native Method)
	at sun.reflect.NativeConstructorAccessorImpl.newInstance(Unknown Source)
	at sun.reflect.DelegatingConstructorAccessorImpl.newInstance(Unknown Source)
	at java.lang.reflect.Constructor.newInstance(Unknown Source)
	at org.openqa.selenium.remote.http.W3CHttpResponseCodec.createException(W3CHttpResponseCodec.java:185)
	at org.openqa.selenium.remote.http.W3CHttpResponseCodec.decode(W3CHttpResponseCodec.java:120)
	at org.openqa.selenium.remote.http.W3CHttpResponseCodec.decode(W3CHttpResponseCodec.java:49)
	at org.openqa.selenium.remote.HttpCommandExecutor.execute(HttpCommandExecutor.java:164)
	at org.openqa.selenium.remote.service.DriverCommandExecutor.execute(DriverCommandExecutor.java:82)
	at org.openqa.selenium.remote.RemoteWebDriver.execute(RemoteWebDriver.java:646)
	at org.openqa.selenium.remote.RemoteWebElement.execute(RemoteWebElement.java:275)
	at org.openqa.selenium.remote.RemoteWebElement.click(RemoteWebElement.java:82)
	at com.world.aeromexico.Vacations.Vacation(Vacations.java:128)
	at sun.reflect.NativeMethodAccessorImpl.invoke0(Native Method)
	at sun.reflect.NativeMethodAccessorImpl.invoke(Unknown Source)
	at sun.reflect.DelegatingMethodAccessorImpl.invoke(Unknown Source)
	at java.lang.reflect.Method.invoke(Unknown Source)
	at org.testng.internal.MethodInvocationHelper.invokeMethod(MethodInvocationHelper.java:108)
	at org.testng.internal.Invoker.invokeMethod(Invoker.java:669)
	at org.testng.internal.Invoker.invokeTestMethod(Invoker.java:877)
	at org.testng.internal.Invoker.invokeTestMethods(Invoker.java:1201)
	at org.testng.internal.TestMethodWorker.invokeTestMethods(TestMethodWorker.java:125)
	at org.testng.internal.TestMethodWorker.run(TestMethodWorker.java:109)
	at org.testng.TestRunner.privateRun(TestRunner.java:776)
	at org.testng.TestRunner.run(TestRunner.java:634)
	at org.testng.SuiteRunner.runTest(SuiteRunner.java:425)
	at org.testng.SuiteRunner.runSequentially(SuiteRunner.java:420)
	at org.testng.SuiteRunner.privateRun(SuiteRunner.java:385)
	at org.testng.SuiteRunner.run(SuiteRunner.java:334)
	at org.testng.SuiteRunnerWorker.runSuite(SuiteRunnerWorker.java:52)
	at org.testng.SuiteRunnerWorker.run(SuiteRunnerWorker.java:86)
	at org.testng.TestNG.runSuitesSequentially(TestNG.java:1318)
	at org.testng.TestNG.runSuitesLocally(TestNG.java:1243)
	at org.testng.TestNG.runSuites(TestNG.java:1161)
	at org.testng.TestNG.run(TestNG.java:1129)
	at org.testng.remote.AbstractRemoteTestNG.run(AbstractRemoteTestNG.java:114)
	at org.testng.remote.RemoteTestNG.initAndRun(RemoteTestNG.java:251)
	at org.testng.remote.RemoteTestNG.main(RemoteTestNG.java:77)
]]>
            </full-stacktrace>
          </exception> <!-- org.openqa.selenium.ElementNotInteractableException -->
          <reporter-output>
          </reporter-output>
        </test-method> <!-- Vacation -->
        <test-method status="PASS" signature="closeBrowser()[pri:0, instance:com.world.aeromexico.Vacations@27c20538]" name="closeBrowser" is-config="true" duration-ms="6551" started-at="2018-02-13T17:02:30Z" finished-at="2018-02-13T17:02:36Z">
          <reporter-output>
          </reporter-output>
        </test-method> <!-- closeBrowser -->
      </class> <!-- com.world.aeromexico.Vacations -->
    </test> <!-- Default test -->
  </suite> <!-- Default suite -->
</testng-results>
